ACER
ACID
ACNE
ACRE
AGED
AGREE
ALICE
ANGER
ANIME
ARENA
CAME
CAMEL
CLAIM
CLAN
CLEAN
CLEANER
COAT
CORD
CORE
CRAP
DANGER
DICE
DROP
EARN
EARTH
EDIT
EITHER
ELDER
FINAL
FINE
FINITE
GRAIN
GRAPH
GRAPHITE
HAITI
HARM
HARMONY
HART
HATE
HEAR
HEART
HENRY
HINT
IDLE
INCL
INFINITE
INTIMATE
ITALIC
ITALY
ITEM
LACE
LANCE
LANE
LATE
LATIN
LEAN
LION
MAIN
MAINE
MAINLY
MALE
MALI
MALICE
MARC
MARCO
MATE
MEAL
MEAN
MEAT
META
METAL
MINE
MINI
MINT
MONO
MONTH
MOTHER
MRNA
NAME
NAMELY
NATION
NATO
NEAR
NOTRE
ONTO
OPTIMAL
OTHER
PAIN
PAINT
PAMELA
POEM
POET
RAIN
RATE
REEL
TALE
TEAM
THAI
THEN
THIN
TIDE
TIER
TILE
TIME
TIMELY
TION
TOILET
TONY
TOOTH
TOYOTA
TRAIN
Num = 111


len 8: GRAPHITE INFINITE INTIMATE 
len 8: GRAPHITE INFINITE INTIMATE 
len 7: CLEANER HARMONY OPTIMAL 
len 6: DANGER EITHER FINITE ITALIC MAINLY MALICE MOTHER NAMELY NATION PAMELA TIMELY TOILET TOYOTA 
len 6: DANGER EITHER FINITE ITALIC MAINLY MALICE MOTHER NAMELY NATION PAMELA TIMELY TOILET TOYOTA 
len 5: AGREE ALICE ANGER ANIME ARENA CAMEL CLAIM CLEAN EARTH ELDER FINAL GRAIN GRAPH HAITI HEART HENRY ITALY LANCE LATIN MAINE MARCO METAL MONTH NOTRE OTHER PAINT TOOTH TRAIN 
len 4: ACER ACID ACNE ACRE AGED CAME CLAN COAT CORD CORE CRAP DICE DROP EARN EDIT FINE HARM HART HATE HEAR HINT IDLE INCL ITEM LACE LANE LATE LEAN LION MAIN MALE MALI MARC MATE MEAL MEAN MEAT META MINE MINI MINT MONO MRNA NAME NATO NEAR ONTO PAIN POEM POET RAIN RATE REEL TALE TEAM THAI THEN THIN TIDE TIER TILE TIME TION TONY 

